<?xml version="1.0" encoding="UTF-8"?>
<coverage generated="1532502158748" clover="3.2.0">
  <project timestamp="1532502158748" name="All files">
    <metrics statements="17" coveredstatements="10" conditionals="3" coveredconditionals="2" methods="11" coveredmethods="7" elements="31" coveredelements="19" complexity="0" loc="17" ncloc="17" packages="1" files="1" classes="1">
      <file name="index.js" path="/Users/jamesjohnson/Projects/RBR/src/index.js">
        <metrics statements="17" coveredstatements="10" conditionals="3" coveredconditionals="2" methods="11" coveredmethods="7"/>
        <line num="1" count="2" type="stmt"/>
        <line num="2" count="2" type="stmt"/>
        <line num="12" count="1" type="stmt"/>
        <line num="15" count="1" type="stmt"/>
        <line num="16" count="1" type="stmt"/>
        <line num="18" count="2" type="stmt"/>
        <line num="21" count="2" type="stmt"/>
        <line num="27" count="8" type="cond" truecount="2" falsecount="0"/>
        <line num="28" count="4" type="stmt"/>
        <line num="30" count="4" type="stmt"/>
        <line num="44" count="0" type="stmt"/>
        <line num="55" count="0" type="stmt"/>
        <line num="58" count="0" type="stmt"/>
        <line num="59" count="0" type="stmt"/>
        <line num="61" count="0" type="stmt"/>
        <line num="63" count="0" type="stmt"/>
        <line num="67" count="0" type="stmt"/>
      </file>
    </metrics>
  </project>
</coverage>
