{"/Users/jamesjohnson/Projects/RBR/src/index.js": {"path":"/Users/jamesjohnson/Projects/RBR/src/index.js","statementMap":{"0":{"start":{"line":1,"column":30},"end":{"line":1,"column":93}},"1":{"start":{"line":1,"column":37},"end":{"line":1,"column":93}},"2":{"start":{"line":2,"column":25},"end":{"line":2,"column":77}},"3":{"start":{"line":2,"column":42},"end":{"line":2,"column":77}},"4":{"start":{"line":12,"column":4},"end":{"line":12,"column":23}},"5":{"start":{"line":15,"column":4},"end":{"line":34,"column":7}},"6":{"start":{"line":16,"column":6},"end":{"line":33,"column":9}},"7":{"start":{"line":18,"column":27},"end":{"line":18,"column":56}},"8":{"start":{"line":21,"column":8},"end":{"line":32,"column":11}},"9":{"start":{"line":27,"column":12},"end":{"line":29,"column":13}},"10":{"start":{"line":28,"column":14},"end":{"line":28,"column":52}},"11":{"start":{"line":28,"column":27},"end":{"line":28,"column":51}},"12":{"start":{"line":30,"column":12},"end":{"line":30,"column":44}},"13":{"start":{"line":44,"column":4},"end":{"line":44,"column":21}},"14":{"start":{"line":55,"column":22},"end":{"line":55,"column":24}},"15":{"start":{"line":58,"column":4},"end":{"line":65,"column":7}},"16":{"start":{"line":59,"column":6},"end":{"line":64,"column":9}},"17":{"start":{"line":61,"column":27},"end":{"line":61,"column":56}},"18":{"start":{"line":63,"column":8},"end":{"line":63,"column":55}},"19":{"start":{"line":67,"column":4},"end":{"line":67,"column":21}}},"fnMap":{"0":{"name":"(anonymous_0)","decl":{"start":{"line":1,"column":30},"end":{"line":1,"column":31}},"loc":{"start":{"line":1,"column":37},"end":{"line":1,"column":93}},"line":1},"1":{"name":"(anonymous_1)","decl":{"start":{"line":2,"column":25},"end":{"line":2,"column":26}},"loc":{"start":{"line":2,"column":42},"end":{"line":2,"column":77}},"line":2},"2":{"name":"(anonymous_2)","decl":{"start":{"line":11,"column":2},"end":{"line":11,"column":3}},"loc":{"start":{"line":11,"column":18},"end":{"line":35,"column":3}},"line":11},"3":{"name":"(anonymous_3)","decl":{"start":{"line":15,"column":31},"end":{"line":15,"column":32}},"loc":{"start":{"line":15,"column":42},"end":{"line":34,"column":5}},"line":15},"4":{"name":"(anonymous_4)","decl":{"start":{"line":16,"column":40},"end":{"line":16,"column":41}},"loc":{"start":{"line":16,"column":50},"end":{"line":33,"column":7}},"line":16},"5":{"name":"(anonymous_5)","decl":{"start":{"line":22,"column":17},"end":{"line":22,"column":18}},"loc":{"start":{"line":22,"column":39},"end":{"line":31,"column":11}},"line":22},"6":{"name":"(anonymous_6)","decl":{"start":{"line":28,"column":21},"end":{"line":28,"column":22}},"loc":{"start":{"line":28,"column":27},"end":{"line":28,"column":51}},"line":28},"7":{"name":"(anonymous_7)","decl":{"start":{"line":43,"column":2},"end":{"line":43,"column":3}},"loc":{"start":{"line":43,"column":16},"end":{"line":45,"column":3}},"line":43},"8":{"name":"(anonymous_8)","decl":{"start":{"line":54,"column":2},"end":{"line":54,"column":3}},"loc":{"start":{"line":54,"column":27},"end":{"line":68,"column":3}},"line":54},"9":{"name":"(anonymous_9)","decl":{"start":{"line":58,"column":36},"end":{"line":58,"column":37}},"loc":{"start":{"line":58,"column":47},"end":{"line":65,"column":5}},"line":58},"10":{"name":"(anonymous_10)","decl":{"start":{"line":59,"column":45},"end":{"line":59,"column":46}},"loc":{"start":{"line":59,"column":55},"end":{"line":64,"column":7}},"line":59}},"branchMap":{"0":{"loc":{"start":{"line":22,"column":18},"end":{"line":22,"column":34}},"type":"default-arg","locations":[{"start":{"line":22,"column":25},"end":{"line":22,"column":34}}],"line":22},"1":{"loc":{"start":{"line":27,"column":12},"end":{"line":29,"column":13}},"type":"if","locations":[{"start":{"line":27,"column":12},"end":{"line":29,"column":13}},{"start":{"line":27,"column":12},"end":{"line":29,"column":13}}],"line":27}},"s":{"0":1,"1":2,"2":1,"3":2,"4":1,"5":1,"6":1,"7":2,"8":2,"9":8,"10":4,"11":2,"12":4,"13":0,"14":0,"15":0,"16":0,"17":0,"18":0,"19":0},"f":{"0":2,"1":2,"2":1,"3":1,"4":2,"5":8,"6":2,"7":0,"8":0,"9":0,"10":0},"b":{"0":[0],"1":[4,4]},"_coverageSchema":"332fd63041d2c1bcb487cc26dd0d5f7d97098a6c","hash":"f8ad226c4b0f3c22084ac08acbe4fe522cbe7ec6"}
}
