TN:
SF:/Users/jamesjohnson/Projects/RBR/src/index.js
FN:1,(anonymous_0)
FN:2,(anonymous_1)
FN:11,(anonymous_2)
FN:15,(anonymous_3)
FN:16,(anonymous_4)
FN:22,(anonymous_5)
FN:28,(anonymous_6)
FN:43,(anonymous_7)
FN:54,(anonymous_8)
FN:58,(anonymous_9)
FN:59,(anonymous_10)
FNF:11
FNH:7
FNDA:2,(anonymous_0)
FNDA:2,(anonymous_1)
FNDA:1,(anonymous_2)
FNDA:1,(anonymous_3)
FNDA:2,(anonymous_4)
FNDA:8,(anonymous_5)
FNDA:2,(anonymous_6)
FNDA:0,(anonymous_7)
FNDA:0,(anonymous_8)
FNDA:0,(anonymous_9)
FNDA:0,(anonymous_10)
DA:1,2
DA:2,2
DA:12,1
DA:15,1
DA:16,1
DA:18,2
DA:21,2
DA:27,8
DA:28,4
DA:30,4
DA:44,0
DA:55,0
DA:58,0
DA:59,0
DA:61,0
DA:63,0
DA:67,0
LF:17
LH:10
BRDA:22,0,0,0
BRDA:27,1,0,4
BRDA:27,1,1,4
BRF:3
BRH:2
end_of_record
